2021-07-15_14-06-37 [restartedMain] INFO  c.c.p.d.PensionerDetailMicroserviceApplication - Starting PensionerDetailMicroserviceApplication using Java 15.0.2 on LAPTOP-0AALEG97 with PID 15200 (C:\Users\DEEPANSHU\Desktop\Pension-Management-System-main\PensionerDetail-Microservice\target\classes started by DEEPANSHU in C:\Users\DEEPANSHU\Desktop\Pension-Management-System-main\PensionerDetail-Microservice)
2021-07-15_14-06-37 [restartedMain] INFO  c.c.p.d.PensionerDetailMicroserviceApplication - No active profile set, falling back to default profiles: default
2021-07-15_14-06-37 [restartedMain] INFO  o.s.b.d.e.DevToolsPropertyDefaultsPostProcessor - Devtools property defaults active! Set 'spring.devtools.add-properties' to 'false' to disable
2021-07-15_14-06-37 [restartedMain] INFO  o.s.b.d.e.DevToolsPropertyDefaultsPostProcessor - For additional web related logging consider setting the 'logging.level.web' property to 'DEBUG'
2021-07-15_14-06-37 [restartedMain] INFO  o.s.d.r.c.RepositoryConfigurationDelegate - Bootstrapping Spring Data JPA repositories in DEFAULT mode.
2021-07-15_14-06-37 [restartedMain] INFO  o.s.d.r.c.RepositoryConfigurationDelegate - Finished Spring Data repository scanning in 47 ms. Found 1 JPA repository interfaces.
2021-07-15_14-06-37 [restartedMain] INFO  o.s.cloud.context.scope.GenericScope - BeanFactory id=dd507a32-ed85-3bf1-b7a7-440fd877206b
2021-07-15_14-06-37 [restartedMain] INFO  o.s.c.s.PostProcessorRegistrationDelegate$BeanPostProcessorChecker - Bean 'com.cts.pensioner.detail.feignclient.AuthorisingClient' of type [org.springframework.cloud.openfeign.FeignClientFactoryBean] is not eligible for getting processed by all BeanPostProcessors (for example: not eligible for auto-proxying)
2021-07-15_14-06-37 [restartedMain] INFO  o.s.b.w.e.tomcat.TomcatWebServer - Tomcat initialized with port(s): 8200 (http)
2021-07-15_14-06-37 [restartedMain] INFO  o.a.coyote.http11.Http11NioProtocol - Initializing ProtocolHandler ["http-nio-8200"]
2021-07-15_14-06-37 [restartedMain] INFO  o.a.catalina.core.StandardService - Starting service [Tomcat]
2021-07-15_14-06-37 [restartedMain] INFO  o.a.catalina.core.StandardEngine - Starting Servlet engine: [Apache Tomcat/9.0.41]
2021-07-15_14-06-37 [restartedMain] INFO  o.a.c.c.C.[.[localhost].[/pensioner] - Initializing Spring embedded WebApplicationContext
2021-07-15_14-06-37 [restartedMain] INFO  o.s.b.w.s.c.ServletWebServerApplicationContext - Root WebApplicationContext: initialization completed in 2726 ms
2021-07-15_14-06-37 [restartedMain] INFO  com.zaxxer.hikari.HikariDataSource - HikariPool-1 - Starting...
2021-07-15_14-06-37 [restartedMain] INFO  com.zaxxer.hikari.HikariDataSource - HikariPool-1 - Start completed.
2021-07-15_14-06-37 [restartedMain] INFO  o.s.b.a.h.H2ConsoleAutoConfiguration - H2 console available at '/db'. Database available at 'jdbc:h2:mem:ipms_db'
2021-07-15_14-06-37 [restartedMain] INFO  o.s.o.j.LocalContainerEntityManagerFactoryBean - Initialized JPA EntityManagerFactory for persistence unit 'default'
2021-07-15_14-06-37 [restartedMain] INFO  o.s.s.c.ThreadPoolTaskExecutor - Initializing ExecutorService 'applicationTaskExecutor'
2021-07-15_14-06-37 [restartedMain] INFO  o.s.b.a.e.web.EndpointLinksResolver - Exposing 2 endpoint(s) beneath base path '/actuator'
2021-07-15_14-06-37 [restartedMain] INFO  o.a.coyote.http11.Http11NioProtocol - Starting ProtocolHandler ["http-nio-8200"]
2021-07-15_14-06-37 [restartedMain] INFO  o.s.b.w.e.tomcat.TomcatWebServer - Tomcat started on port(s): 8200 (http) with context path '/pensioner'
2021-07-15_14-06-37 [restartedMain] INFO  c.c.p.d.PensionerDetailMicroserviceApplication - Started PensionerDetailMicroserviceApplication in 7.353 seconds (JVM running for 8.336)
2021-07-15_14-06-37 [http-nio-8200-exec-1] INFO  o.a.c.c.C.[.[localhost].[/pensioner] - Initializing Spring DispatcherServlet 'dispatcherServlet'
2021-07-15_14-06-37 [http-nio-8200-exec-1] INFO  o.s.web.servlet.DispatcherServlet - Initializing Servlet 'dispatcherServlet'
2021-07-15_14-06-37 [http-nio-8200-exec-1] INFO  o.s.web.servlet.DispatcherServlet - Completed initialization in 1 ms
2021-07-15_23-38-50 [Thread-1] INFO  o.s.s.c.ThreadPoolTaskExecutor - Shutting down ExecutorService 'applicationTaskExecutor'
2021-07-15_23-38-50 [Thread-1] INFO  o.s.o.j.LocalContainerEntityManagerFactoryBean - Closing JPA EntityManagerFactory for persistence unit 'default'
2021-07-15_23-38-50 [Thread-1] INFO  o.h.t.s.i.SchemaDropperImpl$DelayedDropActionImpl - HHH000477: Starting delayed evictData of schema as part of SessionFactory shut-down'
2021-07-15_23-38-50 [Thread-1] INFO  com.zaxxer.hikari.HikariDataSource - HikariPool-1 - Shutdown initiated...
2021-07-15_23-38-50 [Thread-1] INFO  com.zaxxer.hikari.HikariDataSource - HikariPool-1 - Shutdown completed.
2021-07-15_23-39-08 [restartedMain] INFO  c.c.p.d.PensionerDetailMicroserviceApplication - Starting PensionerDetailMicroserviceApplication using Java 15.0.2 on LAPTOP-0AALEG97 with PID 15200 (C:\Users\DEEPANSHU\Desktop\Pension-Management-System-main\PensionerDetail-Microservice\target\classes started by DEEPANSHU in C:\Users\DEEPANSHU\Desktop\Pension-Management-System-main\PensionerDetail-Microservice)
2021-07-15_23-39-08 [restartedMain] INFO  c.c.p.d.PensionerDetailMicroserviceApplication - No active profile set, falling back to default profiles: default
2021-07-15_23-39-08 [restartedMain] INFO  o.s.d.r.c.RepositoryConfigurationDelegate - Bootstrapping Spring Data JPA repositories in DEFAULT mode.
2021-07-15_23-39-08 [restartedMain] INFO  o.s.d.r.c.RepositoryConfigurationDelegate - Finished Spring Data repository scanning in 17 ms. Found 1 JPA repository interfaces.
2021-07-15_23-39-08 [restartedMain] INFO  o.s.cloud.context.scope.GenericScope - BeanFactory id=dd507a32-ed85-3bf1-b7a7-440fd877206b
2021-07-15_23-39-08 [restartedMain] INFO  o.s.c.s.PostProcessorRegistrationDelegate$BeanPostProcessorChecker - Bean 'com.cts.pensioner.detail.feignclient.AuthorisingClient' of type [org.springframework.cloud.openfeign.FeignClientFactoryBean] is not eligible for getting processed by all BeanPostProcessors (for example: not eligible for auto-proxying)
2021-07-15_23-39-08 [restartedMain] INFO  o.s.b.w.e.tomcat.TomcatWebServer - Tomcat initialized with port(s): 8200 (http)
2021-07-15_23-39-08 [restartedMain] INFO  o.a.catalina.core.StandardService - Starting service [Tomcat]
2021-07-15_23-39-08 [restartedMain] INFO  o.a.catalina.core.StandardEngine - Starting Servlet engine: [Apache Tomcat/9.0.41]
2021-07-15_23-39-08 [restartedMain] INFO  o.a.c.c.C.[.[localhost].[/pensioner] - Initializing Spring embedded WebApplicationContext
2021-07-15_23-39-08 [restartedMain] INFO  o.s.b.w.s.c.ServletWebServerApplicationContext - Root WebApplicationContext: initialization completed in 913 ms
2021-07-15_23-39-08 [restartedMain] INFO  com.zaxxer.hikari.HikariDataSource - HikariPool-3 - Starting...
2021-07-15_23-39-08 [restartedMain] INFO  com.zaxxer.hikari.HikariDataSource - HikariPool-3 - Start completed.
2021-07-15_23-39-08 [restartedMain] INFO  o.s.b.a.h.H2ConsoleAutoConfiguration - H2 console available at '/db'. Database available at 'jdbc:h2:mem:ipms_db'
2021-07-15_23-39-08 [restartedMain] INFO  o.s.o.j.LocalContainerEntityManagerFactoryBean - Initialized JPA EntityManagerFactory for persistence unit 'default'
2021-07-15_23-39-08 [restartedMain] INFO  o.s.s.c.ThreadPoolTaskExecutor - Initializing ExecutorService 'applicationTaskExecutor'
2021-07-15_23-39-08 [restartedMain] INFO  o.s.b.a.e.web.EndpointLinksResolver - Exposing 2 endpoint(s) beneath base path '/actuator'
2021-07-15_23-39-08 [restartedMain] INFO  o.s.b.w.e.tomcat.TomcatWebServer - Tomcat started on port(s): 8200 (http) with context path '/pensioner'
2021-07-15_23-39-08 [restartedMain] INFO  c.c.p.d.PensionerDetailMicroserviceApplication - Started PensionerDetailMicroserviceApplication in 1.972 seconds (JVM running for 34361.619)
2021-07-15_23-39-08 [restartedMain] INFO  o.s.b.d.a.ConditionEvaluationDeltaLoggingListener - Condition evaluation unchanged
2021-07-15_23-39-08 [Thread-16] INFO  o.s.s.c.ThreadPoolTaskExecutor - Shutting down ExecutorService 'applicationTaskExecutor'
2021-07-15_23-39-08 [Thread-16] INFO  o.s.o.j.LocalContainerEntityManagerFactoryBean - Closing JPA EntityManagerFactory for persistence unit 'default'
2021-07-15_23-39-08 [Thread-16] INFO  com.zaxxer.hikari.HikariDataSource - HikariPool-3 - Shutdown initiated...
2021-07-15_23-39-08 [Thread-16] INFO  com.zaxxer.hikari.HikariDataSource - HikariPool-3 - Shutdown completed.
2021-07-15_23-39-40 [restartedMain] INFO  c.c.p.d.PensionerDetailMicroserviceApplication - Starting PensionerDetailMicroserviceApplication using Java 15.0.2 on LAPTOP-0AALEG97 with PID 15200 (C:\Users\DEEPANSHU\Desktop\Pension-Management-System-main\PensionerDetail-Microservice\target\classes started by DEEPANSHU in C:\Users\DEEPANSHU\Desktop\Pension-Management-System-main\PensionerDetail-Microservice)
2021-07-15_23-39-40 [restartedMain] INFO  c.c.p.d.PensionerDetailMicroserviceApplication - No active profile set, falling back to default profiles: default
2021-07-15_23-39-40 [restartedMain] INFO  o.s.d.r.c.RepositoryConfigurationDelegate - Bootstrapping Spring Data JPA repositories in DEFAULT mode.
2021-07-15_23-39-40 [restartedMain] INFO  o.s.d.r.c.RepositoryConfigurationDelegate - Finished Spring Data repository scanning in 22 ms. Found 1 JPA repository interfaces.
2021-07-15_23-39-40 [restartedMain] INFO  o.s.cloud.context.scope.GenericScope - BeanFactory id=dd507a32-ed85-3bf1-b7a7-440fd877206b
2021-07-15_23-39-40 [restartedMain] INFO  o.s.c.s.PostProcessorRegistrationDelegate$BeanPostProcessorChecker - Bean 'com.cts.pensioner.detail.feignclient.AuthorisingClient' of type [org.springframework.cloud.openfeign.FeignClientFactoryBean] is not eligible for getting processed by all BeanPostProcessors (for example: not eligible for auto-proxying)
2021-07-15_23-39-40 [restartedMain] INFO  o.s.b.w.e.tomcat.TomcatWebServer - Tomcat initialized with port(s): 8200 (http)
2021-07-15_23-39-40 [restartedMain] INFO  o.a.catalina.core.StandardService - Starting service [Tomcat]
2021-07-15_23-39-40 [restartedMain] INFO  o.a.catalina.core.StandardEngine - Starting Servlet engine: [Apache Tomcat/9.0.41]
2021-07-15_23-39-40 [restartedMain] INFO  o.a.c.c.C.[.[localhost].[/pensioner] - Initializing Spring embedded WebApplicationContext
2021-07-15_23-39-40 [restartedMain] INFO  o.s.b.w.s.c.ServletWebServerApplicationContext - Root WebApplicationContext: initialization completed in 1147 ms
2021-07-15_23-39-40 [restartedMain] INFO  com.zaxxer.hikari.HikariDataSource - HikariPool-5 - Starting...
2021-07-15_23-39-40 [restartedMain] INFO  com.zaxxer.hikari.HikariDataSource - HikariPool-5 - Start completed.
2021-07-15_23-39-40 [restartedMain] INFO  o.s.b.a.h.H2ConsoleAutoConfiguration - H2 console available at '/db'. Database available at 'jdbc:h2:mem:ipms_db'
2021-07-15_23-39-40 [restartedMain] INFO  o.s.o.j.LocalContainerEntityManagerFactoryBean - Initialized JPA EntityManagerFactory for persistence unit 'default'
2021-07-15_23-39-40 [restartedMain] INFO  o.s.s.c.ThreadPoolTaskExecutor - Initializing ExecutorService 'applicationTaskExecutor'
2021-07-15_23-39-40 [restartedMain] INFO  o.s.b.a.e.web.EndpointLinksResolver - Exposing 2 endpoint(s) beneath base path '/actuator'
2021-07-15_23-39-40 [restartedMain] INFO  o.s.b.w.e.tomcat.TomcatWebServer - Tomcat started on port(s): 8200 (http) with context path '/pensioner'
2021-07-15_23-39-40 [restartedMain] INFO  c.c.p.d.PensionerDetailMicroserviceApplication - Started PensionerDetailMicroserviceApplication in 3.518 seconds (JVM running for 34394.383)
2021-07-15_23-39-40 [restartedMain] INFO  o.s.b.d.a.ConditionEvaluationDeltaLoggingListener - Condition evaluation unchanged
